#
# There is insufficient memory for the Java Runtime Environment to continue.
# Native memory allocation (mmap) failed to map 134217728 bytes for G1 virtual space
# Possible reasons:
#   The system is out of physical RAM or swap space
#   The process is running with CompressedOops enabled, and the Java Heap may be blocking the growth of the native heap
# Possible solutions:
#   Reduce memory load on the system
#   Increase physical memory or swap space
#   Check if swap backing store is full
#   Decrease Java heap size (-Xmx/-Xms)
#   Decrease number of Java threads
#   Decrease Java thread stack sizes (-Xss)
#   Set larger code cache with -XX:ReservedCodeCacheSize=
#   JVM is running with Unscaled Compressed Oops mode in which the Java heap is
#     placed in the first 4GB address space. The Java Heap base address is the
#     maximum limit for the native heap growth. Please use -XX:HeapBaseMinAddress
#     to set the Java Heap base and to place the Java Heap above 4GB virtual address.
# This output file may be truncated or incomplete.
#
#  Out of Memory Error (os_windows.cpp:3530), pid=15544, tid=14872
#
# JRE version:  (18.0.2.1+1) (build )
# Java VM: Java HotSpot(TM) 64-Bit Server VM (18.0.2.1+1-1, mixed mode, sharing, tiered, compressed oops, compressed class ptrs, g1 gc, windows-amd64)
# No core dump will be written. Minidumps are not enabled by default on client versions of Windows
#

---------------  S U M M A R Y ------------

Command Line: -Dfile.encoding=UTF-8 --module-path=C:\Users\bageg\Desktop\CourseManagement\CourseManagementJava\build\classes Course.Home

Host: Intel(R) Core(TM) i5-7200U CPU @ 2.50GHz, 4 cores, 7G,  Windows 10 , 64 bit Build 15063 (10.0.15063.1058)
Time: Sun Jan 22 10:55:55 2023 E. Africa Standard Time elapsed time: 0.017399 seconds (0d 0h 0m 0s)

---------------  T H R E A D  ---------------

Current thread (0x00000240f8fbd790):  JavaThread "Unknown thread" [_thread_in_vm, id=14872, stack(0x000000bdb2f00000,0x000000bdb3000000)]

Stack: [0x000000bdb2f00000,0x000000bdb3000000]
Native frames: (J=compiled Java code, j=interpreted, Vv=VM code, C=native code)
V  [jvm.dll+0x6993aa]
V  [jvm.dll+0x7f46dd]
V  [jvm.dll+0x7f5fee]
V  [jvm.dll+0x7f66a3]
V  [jvm.dll+0x25cf1f]
V  [jvm.dll+0x6962f9]
V  [jvm.dll+0x68ae2a]
V  [jvm.dll+0x32255b]
V  [jvm.dll+0x329f36]
V  [jvm.dll+0x37eade]
V  [jvm.dll+0x37ed0f]
V  [jvm.dll+0x2fa2da]
V  [jvm.dll+0x2fb33d]
V  [jvm.dll+0x7c3310]
V  [jvm.dll+0x38be61]
V  [jvm.dll+0x7a2023]
V  [jvm.dll+0x40dc3f]
V  [jvm.dll+0x40f611]
C  [jli.dll+0x526b]
C  [ucrtbase.dll+0x20279]
C  [KERNEL32.DLL+0x12784]
C  [ntdll.dll+0x50c31]


---------------  P R O C E S S  ---------------

Threads class SMR info:
_java_thread_list=0x00007ffa5774e550, length=0, elements={
}

Java Threads: ( => current thread )

Other Threads:
  0x00000240f90214a0 WorkerThread "GC Thread#0" [stack: 0x000000bdb3000000,0x000000bdb3100000] [id=12144]
  0x00000240f9032050 ConcurrentGCThread "G1 Main Marker" [stack: 0x000000bdb3100000,0x000000bdb3200000] [id=2460]
  0x00000240f9032a40 WorkerThread "G1 Conc#0" [stack: 0x000000bdb3200000,0x000000bdb3300000] [id=14268]

[error occurred during error reporting (printing all threads), id 0xc0000005, EXCEPTION_ACCESS_VIOLATION (0xc0000005) at pc=0x00007ffa56f7a877]

VM state: not at safepoint (not fully initialized)

VM Mutex/Monitor currently owned by a thread:  ([mutex/lock_event])
[0x00000240f8fb9cb0] Heap_lock - owner thread: 0x00000240f8fbd790

Heap address: 0x0000000081c00000, size: 2020 MB, Compressed Oops mode: 32-bit

CDS archive(s) mapped at: [0x0000000000000000-0x0000000000000000-0x0000000000000000), size 0, SharedBaseAddress: 0x0000000800000000, ArchiveRelocationMode: 0.
Narrow klass base: 0x0000000000000000, Narrow klass shift: 0, Narrow klass range: 0x0

GC Precious Log:
 CardTable entry size: 512
 Card Set container configuration: InlinePtr #cards 5 size 8 Array Of Cards #cards 12 size 40 Howl #buckets 4 coarsen threshold 1843 Howl Bitmap #cards 512 size 80 coarsen threshold 460 Card regions per heap region 1 cards per card region 2048

Heap:
 garbage-first heap   total 0K, used 0K [0x0000000081c00000, 0x0000000100000000)
  region size 1024K, 0 young (0K), 0 survivors (0K)

[error occurred during error reporting (printing heap information), id 0xc0000005, EXCEPTION_ACCESS_VIOLATION (0xc0000005) at pc=0x00007ffa57361839]

GC Heap History (0 events):
No events

Deoptimization events (0 events):
No events

Classes loaded (0 events):
No events

Classes unloaded (0 events):
No events

Classes redefined (0 events):
No events

Internal exceptions (0 events):
No events

VM Operations (0 events):
No events

Events (1 events):
Event: 0.011 Loaded shared library C:\Program Files\Java\bin\java.dll


Dynamic libraries:
0x00007ff6dfe30000 - 0x00007ff6dfe40000 	C:\Program Files\Java\bin\java.exe
0x00007ffab0c50000 - 0x00007ffab0e2b000 	C:\WINDOWS\SYSTEM32\ntdll.dll
0x00007ffab0500000 - 0x00007ffab05ae000 	C:\WINDOWS\System32\KERNEL32.DLL
0x00007ffaad340000 - 0x00007ffaad58a000 	C:\WINDOWS\System32\KERNELBASE.dll
0x00007ffaae010000 - 0x00007ffaae106000 	C:\WINDOWS\System32\ucrtbase.dll
0x00007ffa9eb80000 - 0x00007ffa9eb98000 	C:\Program Files\Java\bin\jli.dll
0x00007ffab0af0000 - 0x00007ffab0b91000 	C:\WINDOWS\System32\ADVAPI32.dll
0x00007ffab0620000 - 0x00007ffab06bd000 	C:\WINDOWS\System32\msvcrt.dll
0x00007ffab08f0000 - 0x00007ffab0949000 	C:\WINDOWS\System32\sechost.dll
0x00007ffaae6c0000 - 0x00007ffaae7e5000 	C:\WINDOWS\System32\RPCRT4.dll
0x00007ffaaedf0000 - 0x00007ffaaef3a000 	C:\WINDOWS\System32\USER32.dll
0x00007ffaad590000 - 0x00007ffaad5ae000 	C:\WINDOWS\System32\win32u.dll
0x00007ffaae860000 - 0x00007ffaae887000 	C:\WINDOWS\System32\GDI32.dll
0x00007ffaaddc0000 - 0x00007ffaadf48000 	C:\WINDOWS\System32\gdi32full.dll
0x00007ffaae110000 - 0x00007ffaae1aa000 	C:\WINDOWS\System32\msvcp_win.dll
0x00007ffaa7fe0000 - 0x00007ffaa7ffa000 	C:\Program Files\Java\bin\VCRUNTIME140.dll
0x00007ffa9fb80000 - 0x00007ffa9fde7000 	C:\WINDOWS\WinSxS\amd64_microsoft.windows.common-controls_6595b64144ccf1df_6.0.15063.1155_none_40c7922129a7722b\COMCTL32.dll
0x00007ffaae1b0000 - 0x00007ffaae4a9000 	C:\WINDOWS\System32\combase.dll
0x00007ffaadf50000 - 0x00007ffaadfba000 	C:\WINDOWS\System32\bcryptPrimitives.dll
0x00007ffaa40f0000 - 0x00007ffaa40fa000 	C:\WINDOWS\SYSTEM32\VERSION.dll
0x00007ffab0840000 - 0x00007ffab086d000 	C:\WINDOWS\System32\IMM32.DLL
0x00007ffaa9650000 - 0x00007ffaa965c000 	C:\Program Files\Java\bin\vcruntime140_1.dll
0x00007ffa88f20000 - 0x00007ffa88fad000 	C:\Program Files\Java\bin\msvcp140.dll
0x00007ffa56c70000 - 0x00007ffa57881000 	C:\Program Files\Java\bin\server\jvm.dll
0x00007ffaae7f0000 - 0x00007ffaae7f8000 	C:\WINDOWS\System32\PSAPI.DLL
0x00007ffa90460000 - 0x00007ffa90469000 	C:\WINDOWS\SYSTEM32\WSOCK32.dll
0x00007ffab05b0000 - 0x00007ffab061c000 	C:\WINDOWS\System32\WS2_32.dll
0x00007ffaab2b0000 - 0x00007ffaab2d3000 	C:\WINDOWS\SYSTEM32\WINMM.dll
0x00007ffaaaba0000 - 0x00007ffaaabcb000 	C:\WINDOWS\SYSTEM32\WINMMBASE.dll
0x00007ffaadfc0000 - 0x00007ffaae009000 	C:\WINDOWS\System32\cfgmgr32.dll
0x00007ffaad100000 - 0x00007ffaad111000 	C:\WINDOWS\System32\kernel.appcore.dll
0x00007ffaa7fd0000 - 0x00007ffaa7fda000 	C:\Program Files\Java\bin\jimage.dll
0x00007ffaa8fa0000 - 0x00007ffaa9149000 	C:\WINDOWS\SYSTEM32\DBGHELP.DLL
0x00007ffaa3d80000 - 0x00007ffaa3da9000 	C:\WINDOWS\SYSTEM32\dbgcore.DLL
0x00007ffa9c370000 - 0x00007ffa9c395000 	C:\Program Files\Java\bin\java.dll

dbghelp: loaded successfully - version: 4.0.5 - missing functions: none
symbol engine: initialized successfully - sym options: 0x614 - pdb path: .;C:\Program Files\Java\bin;C:\WINDOWS\SYSTEM32;C:\WINDOWS\WinSxS\amd64_microsoft.windows.common-controls_6595b64144ccf1df_6.0.15063.1155_none_40c7922129a7722b;C:\Program Files\Java\bin\server

VM Arguments:
jvm_args: -Dfile.encoding=UTF-8 --module-path=C:\Users\bageg\Desktop\CourseManagement\CourseManagementJava\build\classes 
java_command: Course.Home
java_class_path (initial): C:\Users\bageg\Desktop\CourseManagement\CourseManagementJava\build\classes
Launcher Type: SUN_STANDARD

[Global flags]
     intx CICompilerCount                          = 3                                         {product} {ergonomic}
     uint ConcGCThreads                            = 1                                         {product} {ergonomic}
     uint G1ConcRefinementThreads                  = 4                                         {product} {ergonomic}
   size_t G1HeapRegionSize                         = 1048576                                   {product} {ergonomic}
    uintx GCDrainStackTargetSize                   = 64                                        {product} {ergonomic}
   size_t InitialHeapSize                          = 134217728                                 {product} {ergonomic}
   size_t MarkStackSize                            = 4194304                                   {product} {ergonomic}
   size_t MaxHeapSize                              = 2118123520                                {product} {ergonomic}
   size_t MinHeapDeltaBytes                        = 1048576                                   {product} {ergonomic}
   size_t MinHeapSize                              = 8388608                                   {product} {ergonomic}
    uintx NonNMethodCodeHeapSize                   = 5832780                                {pd product} {ergonomic}
    uintx NonProfiledCodeHeapSize                  = 122912730                              {pd product} {ergonomic}
    uintx ProfiledCodeHeapSize                     = 122912730                              {pd product} {ergonomic}
    uintx ReservedCodeCacheSize                    = 251658240                              {pd product} {ergonomic}
     bool SegmentedCodeCache                       = true                                      {product} {ergonomic}
   size_t SoftMaxHeapSize                          = 2118123520                             {manageable} {ergonomic}
     bool UseCompressedClassPointers               = true                           {product lp64_product} {ergonomic}
     bool UseCompressedOops                        = true                           {product lp64_product} {ergonomic}
     bool UseG1GC                                  = true                                      {product} {ergonomic}
     bool UseLargePagesIndividualAllocation        = false                                  {pd product} {ergonomic}

Logging:
Log output configuration:
 #0: stdout all=warning uptime,level,tags foldmultilines=false
 #1: stderr all=off uptime,level,tags foldmultilines=false

Environment Variables:
PATH=C:\Program Files\Common Files\Oracle\Java\javapath;C:\Program Files (x86)\Common Files\Oracle\Java\javapath;C:\Program Files (x86)\Intel\iCLS Client\;C:\Program Files\Intel\iCLS Client\;C:\WINDOWS\system32;C:\WINDOWS;C:\WINDOWS\System32\Wbem;C:\WINDOWS\System32\WindowsPowerShell\v1.0\;C:\Program Files (x86)\Intel\Intel(R) Management Engine Components\DAL;C:\Program Files\Intel\Intel(R) Management Engine Components\DAL;C:\Program Files (x86)\Intel\Intel(R) Management Engine Components\IPT;C:\Program Files\Intel\Intel(R) Management Engine Components\IPT;C:\Program Files\Microsoft SQL Server\120\DTS\Binn\;C:\Program Files\Microsoft SQL Server\Client SDK\ODBC\110\Tools\Binn\;C:\Program Files (x86)\Microsoft SQL Server\120\Tools\Binn\;C:\Program Files\Microsoft SQL Server\120\Tools\Binn\;C:\Program Files (x86)\Microsoft SQL Server\120\Tools\Binn\ManagementStudio\;C:\Program Files (x86)\Microsoft SQL Server\120\DTS\Binn\;C:\Program Files\Intel\WiFi\bin\;C:\Program Files\Common Files\Intel\WirelessCommon\;C:\Program Files\Microsoft SQL Server\Client SDK\ODBC\170\Tools\Binn\;C:\Program Files (x86)\Microsoft SQL Server\150\Tools\Binn\;C:\Program Files\Microsoft SQL Server\150\Tools\Binn\;C:\Program Files\Microsoft SQL Server\150\DTS\Binn\;C:\Program Files (x86)\Microsoft SQL Server\150\DTS\Binn\;C:\Program Files\Azure Data Studio\bin;C:\Program Files\Git\cmd;C:\Program Files\MySQL\MySQL Shell 8.0\bin\;C:\Users\bageg\AppData\Local\Microsoft\WindowsApps;C:\Users\bageg\AppData\Local\Programs\Microsoft VS Code\bin;C:\Program Files\Azure Data Studio\bin;C:\Program Files\JetBrains\PyCharm Community Edition 2022.3\bin;;C:\Users\bageg\AppData\Local\GitHubDesktop\bin
USERNAME=bageg
OS=Windows_NT
PROCESSOR_IDENTIFIER=Intel64 Family 6 Model 142 Stepping 9, GenuineIntel



---------------  S Y S T E M  ---------------

OS:
 Windows 10 , 64 bit Build 15063 (10.0.15063.1058)
OS uptime: 2 days 3:15 hours

CPU: total 4 (initial active 4) (2 cores per cpu, 2 threads per core) family 6 model 142 stepping 9 microcode 0x5e, cx8, cmov, fxsr, ht, mmx, 3dnowpref, sse, sse2, sse3, ssse3, sse4.1, sse4.2, popcnt, lzcnt, tsc, tscinvbit, avx, avx2, aes, erms, clmul, bmi1, bmi2, adx, fma, vzeroupper, clflush, clflushopt

Memory: 4k page, system-wide physical 8077M (1303M free)
TotalPageFile size 15573M (AvailPageFile size 9M)
current process WorkingSet (physical memory assigned to process): 10M, peak: 10M
current process commit charge ("private bytes"): 52M, peak: 180M

vm_info: Java HotSpot(TM) 64-Bit Server VM (18.0.2.1+1-1) for windows-amd64 JRE (18.0.2.1+1-1), built on Aug 16 2022 01:46:33 by "mach5one" with MS VC++ 16.8 / 16.9 (VS2019)

END.
